yundd/build/outputs/logs/manifest-merger-debug-report.txt
-- Merging decision tree log ---
manifest
ADDED from src\main\AndroidManifest.xml:2:1-776:12
	package
		ADDED from src\main\AndroidManifest.xml:3:5-34
		INJECTED from src\main\AndroidManifest.xml
		INJECTED from src\main\AndroidManifest.xml
	android:versionName
		INJECTED from src\main\AndroidManifest.xml
		INJECTED from src\main\AndroidManifest.xml
	xmlns:android
		ADDED from src\main\AndroidManifest.xml:2:11-69
	android:versionCode
		INJECTED from src\main\AndroidManifest.xml
		INJECTED from src\main\AndroidManifest.xml
uses-permission#android.permission.MOUNT_UNMOUNT_FILESYSTEMS
ADDED from src\main\AndroidManifest.xml:6:5-7:23
MERGED from [AndroidClient-yundd:wMFileLoadSdk:unspecified] AndroidManifest.xml:16:5-84
MERGED from [com.mabeijianxi:small-video-record2:2.0.3] AndroidManifest.xml:14:5-84
	android:name
		ADDED from src\main\AndroidManifest.xml:6:22-81
uses-permission#android.permission.READ_EXTERNAL_STORAGE
ADDED from src\main\AndroidManifest.xml:9:5-80
MERGED from [AndroidClient-yundd:wMFileLoadSdk:unspecified] AndroidManifest.xml:12:5-80
MERGED from [com.mabeijianxi:small-video-record2:2.0.3] AndroidManifest.xml:13:5-80
	android:name
		ADDED from src\main\AndroidManifest.xml:9:22-77
uses-permission#android.permission.INTERNET
ADDED from src\main\AndroidManifest.xml:11:5-67
MERGED from [AndroidClient-yundd:wMFileLoadSdk:unspecified] AndroidManifest.xml:14:5-67
	android:name
		ADDED from src\main\AndroidManifest.xml:11:22-64
uses-permission#android.permission.GET_PACKAGE_SIZE
ADDED from src\main\AndroidManifest.xml:15:5-75
	android:name
		ADDED from src\main\AndroidManifest.xml:15:22-72
uses-permission#android.permission.CAMERA
ADDED from src\main\AndroidManifest.xml:18:5-65
MERGED from [com.mabeijianxi:small-video-record2:2.0.3] AndroidManifest.xml:11:5-65
	android:name
		ADDED from src\main\AndroidManifest.xml:18:22-62
uses-permission#android.permission.RECORD_AUDIO
ADDED from src\main\AndroidManifest.xml:20:5-71
MERGED from [com.mabeijianxi:small-video-record2:2.0.3] AndroidManifest.xml:12:5-71
	android:name
		ADDED from src\main\AndroidManifest.xml:20:22-68
uses-permission#android.permission.WRITE_EXTERNAL_STORAGE
ADDED from src\main\AndroidManifest.xml:22:5-81
MERGED from [AndroidClient-yundd:wMFileLoadSdk:unspecified] AndroidManifest.xml:18:5-81
MERGED from [com.mabeijianxi:small-video-record2:2.0.3] AndroidManifest.xml:15:5-81
	android:name
		ADDED from src\main\AndroidManifest.xml:22:22-78
uses-permission#android.permission.ACCESS_NETWORK_STATE
ADDED from src\main\AndroidManifest.xml:24:5-79
MERGED from [AndroidClient-yundd:wMFileLoadSdk:unspecified] AndroidManifest.xml:20:5-79
	android:name
		ADDED from src\main\AndroidManifest.xml:24:22-76
uses-permission#android.permission.CHANGE_WIFI_STATE
ADDED from src\main\AndroidManifest.xml:26:5-76
	android:name
		ADDED from src\main\AndroidManifest.xml:26:22-73
uses-permission#android.permission.ACCESS_WIFI_STATE
ADDED from src\main\AndroidManifest.xml:28:5-76
MERGED from [AndroidClient-yundd:wMFileLoadSdk:unspecified] AndroidManifest.xml:22:5-76
	android:name
		ADDED from src\main\AndroidManifest.xml:28:22-73
uses-permission#android.permission.READ_PHONE_STATE
ADDED from src\main\AndroidManifest.xml:30:5-75
	android:name
		ADDED from src\main\AndroidManifest.xml:30:22-72
application
ADDED from src\main\AndroidManifest.xml:32:5-774:19
MERGED from [AndroidClient-yundd:pullrefresh:unspecified] AndroidManifest.xml:11:5-20
MERGED from [AndroidClient-yundd:wMFileLoadSdk:unspecified] AndroidManifest.xml:24:5-29:19
	android:screenOrientation
		ADDED from src\main\AndroidManifest.xml:40:9-45
	android:label
		ADDED from src\main\AndroidManifest.xml:39:9-41
	xmlns:tools
		ADDED from src\main\AndroidManifest.xml:34:9-55
	android:allowBackup
		ADDED from src\main\AndroidManifest.xml:37:9-35
	android:icon
		ADDED from src\main\AndroidManifest.xml:38:9-39
		REJECTED from [AndroidClient-yundd:wMFileLoadSdk:unspecified] AndroidManifest.xml:26:9-45
	android:largeHeap
		ADDED from src\main\AndroidManifest.xml:33:9-33
	android:theme
		ADDED from src\main\AndroidManifest.xml:41:9-62
		REJECTED from [AndroidClient-yundd:wMFileLoadSdk:unspecified] AndroidManifest.xml:28:9-40
	tools:replace
		ADDED from src\main\AndroidManifest.xml:35:9-52
	android:name
		ADDED from src\main\AndroidManifest.xml:36:9-65
service#com.vomont.yundudao.conent.UpDataService
ADDED from src\main\AndroidManifest.xml:42:9-43:19
	android:name
		ADDED from src\main\AndroidManifest.xml:42:18-73
activity#com.vomont.yundudao.MainActivity
ADDED from src\main\AndroidManifest.xml:47:9-56:20
	android:screenOrientation
		ADDED from src\main\AndroidManifest.xml:49:13-49
	android:theme
		ADDED from src\main\AndroidManifest.xml:50:13-66
	android:name
		ADDED from src\main\AndroidManifest.xml:48:13-41
intent-filter#android.intent.action.MAIN+android.intent.category.LAUNCHER
ADDED from src\main\AndroidManifest.xml:51:13-55:29
action#android.intent.action.MAIN
ADDED from src\main\AndroidManifest.xml:52:17-69
	android:name
		ADDED from src\main\AndroidManifest.xml:52:25-66
category#android.intent.category.LAUNCHER
ADDED from src\main\AndroidManifest.xml:54:17-77
	android:name
		ADDED from src\main\AndroidManifest.xml:54:27-74
activity#com.vomont.yundudao.ui.RegisterActivity
ADDED from src\main\AndroidManifest.xml:58:9-68:20
	android:screenOrientation
		ADDED from src\main\AndroidManifest.xml:61:13-49
	android:launchMode
		ADDED from src\main\AndroidManifest.xml:60:13-44
	android:theme
		ADDED from src\main\AndroidManifest.xml:62:13-66
	android:name
		ADDED from src\main\AndroidManifest.xml:59:13-67
intent-filter#android.intent.action.registeractivity+android.intent.category.DEFAULT
ADDED from src\main\AndroidManifest.xml:63:13-67:29
action#android.intent.action.registeractivity
ADDED from src\main\AndroidManifest.xml:64:17-81
	android:name
		ADDED from src\main\AndroidManifest.xml:64:25-78
category#android.intent.category.DEFAULT
ADDED from src\main\AndroidManifest.xml:66:17-76
	android:name
		ADDED from src\main\AndroidManifest.xml:66:27-73
activity#com.vomont.yundudao.ui.verification.VerificationNumActivity
ADDED from src\main\AndroidManifest.xml:70:9-80:20
	android:screenOrientation
		ADDED from src\main\AndroidManifest.xml:73:13-49
	android:launchMode
		ADDED from src\main\AndroidManifest.xml:72:13-44
	android:theme
		ADDED from src\main\AndroidManifest.xml:74:13-66
	android:name
		ADDED from src\main\AndroidManifest.xml:71:13-87
intent-filter#android.intent.action.registernumactivity+android.intent.category.DEFAULT
ADDED from src\main\AndroidManifest.xml:75:13-79:29
action#android.intent.action.registernumactivity
ADDED from src\main\AndroidManifest.xml:76:17-84
	android:name
		ADDED from src\main\AndroidManifest.xml:76:25-81
activity#com.vomont.yundudao.ui.verification.VerificationActivity
ADDED from src\main\AndroidManifest.xml:82:9-92:20
	android:screenOrientation
		ADDED from src\main\AndroidManifest.xml:85:13-49
	android:launchMode
		ADDED from src\main\AndroidManifest.xml:84:13-44
	android:theme
		ADDED from src\main\AndroidManifest.xml:86:13-66
	android:name
		ADDED from src\main\AndroidManifest.xml:83:13-84
intent-filter#android.intent.action.verificationactivity+android.intent.category.DEFAULT
ADDED from src\main\AndroidManifest.xml:87:13-91:29
action#android.intent.action.verificationactivity
ADDED from src\main\AndroidManifest.xml:88:17-85
	android:name
		ADDED from src\main\AndroidManifest.xml:88:25-82
activity#com.vomont.yundudao.ui.verification.NewPsdActivity
ADDED from src\main\AndroidManifest.xml:95:9-105:20
	android:screenOrientation
		ADDED from src\main\AndroidManifest.xml:98:13-49
	android:launchMode
		ADDED from src\main\AndroidManifest.xml:97:13-44
	android:theme
		ADDED from src\main\AndroidManifest.xml:99:13-66
	android:name
		ADDED from src\main\AndroidManifest.xml:96:13-78
intent-filter#android.intent.action.newpsdactivity+android.intent.category.DEFAULT
ADDED from src\main\AndroidManifest.xml:100:13-104:29
action#android.intent.action.newpsdactivity
ADDED from src\main\AndroidManifest.xml:101:17-79
	android:name
		ADDED from src\main\AndroidManifest.xml:101:25-76
activity#com.vomont.yundudao.ui.home.HomeActivity
ADDED from src\main\AndroidManifest.xml:107:9-120:20
	android:screenOrientation
		ADDED from src\main\AndroidManifest.xml:111:13-49
	android:launchMode
		ADDED from src\main\AndroidManifest.xml:110:13-44
	android:configChanges
		ADDED from src\main\AndroidManifest.xml:109:13-74
	android:theme
		ADDED from src\main\AndroidManifest.xml:112:13-66
	android:name
		ADDED from src\main\AndroidManifest.xml:108:13-68
intent-filter#android.intent.action.homeactivity+android.intent.category.DEFAULT
ADDED from src\main\AndroidManifest.xml:113:13-119:29
action#android.intent.action.homeactivity
ADDED from src\main\AndroidManifest.xml:116:17-77
	android:name
		ADDED from src\main\AndroidManifest.xml:116:25-74
activity#com.vomont.yundudao.ui.personalcenter.ChangePsdActivity
ADDED from src\main\AndroidManifest.xml:122:9-133:20
	android:screenOrientation
		ADDED from src\main\AndroidManifest.xml:126:13-49
	android:launchMode
		ADDED from src\main\AndroidManifest.xml:125:13-44
	android:configChanges
		ADDED from src\main\AndroidManifest.xml:124:13-74
	android:theme
		ADDED from src\main\AndroidManifest.xml:127:13-66
	android:name
		ADDED from src\main\AndroidManifest.xml:123:13-83
intent-filter#android.intent.action.changepsdactivity+android.intent.category.DEFAULT
ADDED from src\main\AndroidManifest.xml:128:13-132:29
action#android.intent.action.changepsdactivity
ADDED from src\main\AndroidManifest.xml:129:17-82
	android:name
		ADDED from src\main\AndroidManifest.xml:129:25-79
activity#com.vomont.yundudao.ui.personalcenter.SettingActivity
ADDED from src\main\AndroidManifest.xml:135:9-146:20
	android:screenOrientation
		ADDED from src\main\AndroidManifest.xml:139:13-49
	android:launchMode
		ADDED from src\main\AndroidManifest.xml:138:13-44
	android:configChanges
		ADDED from src\main\AndroidManifest.xml:137:13-74
	android:theme
		ADDED from src\main\AndroidManifest.xml:140:13-66
	android:name
		ADDED from src\main\AndroidManifest.xml:136:13-81
intent-filter#android.intent.action.settingactivity+android.intent.category.DEFAULT
ADDED from src\main\AndroidManifest.xml:141:13-145:29
action#android.intent.action.settingactivity
ADDED from src\main\AndroidManifest.xml:142:17-80
	android:name
		ADDED from src\main\AndroidManifest.xml:142:25-77
activity#com.vomont.yundudao.ui.personalcenter.SettingMsgActivity
ADDED from src\main\AndroidManifest.xml:148:9-159:20
	android:screenOrientation
		ADDED from src\main\AndroidManifest.xml:152:13-49
	android:launchMode
		ADDED from src\main\AndroidManifest.xml:151:13-44
	android:configChanges
		ADDED from src\main\AndroidManifest.xml:150:13-74
	android:theme
		ADDED from src\main\AndroidManifest.xml:153:13-66
	android:name
		ADDED from src\main\AndroidManifest.xml:149:13-84
intent-filter#android.intent.action.settingmsgactivity+android.intent.category.DEFAULT
ADDED from src\main\AndroidManifest.xml:154:13-158:29
action#android.intent.action.settingmsgactivity
ADDED from src\main\AndroidManifest.xml:155:17-83
	android:name
		ADDED from src\main\AndroidManifest.xml:155:25-80
activity#com.vomont.yundudao.ui.ip.SetIpActivity
ADDED from src\main\AndroidManifest.xml:162:9-172:20
	android:screenOrientation
		ADDED from src\main\AndroidManifest.xml:165:13-49
	android:configChanges
		ADDED from src\main\AndroidManifest.xml:164:13-74
	android:theme
		ADDED from src\main\AndroidManifest.xml:166:13-66
	android:name
		ADDED from src\main\AndroidManifest.xml:163:13-67
intent-filter#android.intent.action.setipactivity+android.intent.category.DEFAULT
ADDED from src\main\AndroidManifest.xml:167:13-171:29
action#android.intent.action.setipactivity
ADDED from src\main\AndroidManifest.xml:168:17-78
	android:name
		ADDED from src\main\AndroidManifest.xml:168:25-75
activity#com.vomont.yundudao.ui.personalcenter.AboutActivity
ADDED from src\main\AndroidManifest.xml:175:9-186:20
	android:screenOrientation
		ADDED from src\main\AndroidManifest.xml:179:13-49
	android:launchMode
		ADDED from src\main\AndroidManifest.xml:178:13-44
	android:configChanges
		ADDED from src\main\AndroidManifest.xml:177:13-74
	android:theme
		ADDED from src\main\AndroidManifest.xml:180:13-66
	android:name
		ADDED from src\main\AndroidManifest.xml:176:13-79
intent-filter#android.intent.action.aboutactivity+android.intent.category.DEFAULT
ADDED from src\main\AndroidManifest.xml:181:13-185:29
action#android.intent.action.aboutactivity
ADDED from src\main\AndroidManifest.xml:182:17-78
	android:name
		ADDED from src\main\AndroidManifest.xml:182:25-75
activity#com.vomont.yundudao.ui.message.MsgListActivity
ADDED from src\main\AndroidManifest.xml:188:9-199:20
	android:screenOrientation
		ADDED from src\main\AndroidManifest.xml:192:13-49
	android:launchMode
		ADDED from src\main\AndroidManifest.xml:191:13-44
	android:configChanges
		ADDED from src\main\AndroidManifest.xml:190:13-74
	android:theme
		ADDED from src\main\AndroidManifest.xml:193:13-66
	android:name
		ADDED from src\main\AndroidManifest.xml:189:13-74
intent-filter#android.intent.action.msgListactivity+android.intent.category.DEFAULT
ADDED from src\main\AndroidManifest.xml:194:13-198:29
action#android.intent.action.msgListactivity
ADDED from src\main\AndroidManifest.xml:195:17-80
	android:name
		ADDED from src\main\AndroidManifest.xml:195:25-77
activity#com.vomont.yundudao.ui.factory.FactoryActivity
ADDED from src\main\AndroidManifest.xml:201:9-213:20
	android:screenOrientation
		ADDED from src\main\AndroidManifest.xml:205:13-49
	android:launchMode
		ADDED from src\main\AndroidManifest.xml:204:13-44
	android:windowSoftInputMode
		ADDED from src\main\AndroidManifest.xml:207:13-64
	android:configChanges
		ADDED from src\main\AndroidManifest.xml:203:13-74
	android:theme
		ADDED from src\main\AndroidManifest.xml:206:13-66
	android:name
		ADDED from src\main\AndroidManifest.xml:202:13-74
intent-filter#android.intent.action.factoryactivity+android.intent.category.DEFAULT
ADDED from src\main\AndroidManifest.xml:208:13-212:29
action#android.intent.action.factoryactivity
ADDED from src\main\AndroidManifest.xml:209:17-80
	android:name
		ADDED from src\main\AndroidManifest.xml:209:25-77
activity#com.vomont.yundudao.ui.message.MsgAllActivity
ADDED from src\main\AndroidManifest.xml:215:9-226:20
	android:screenOrientation
		ADDED from src\main\AndroidManifest.xml:219:13-49
	android:launchMode
		ADDED from src\main\AndroidManifest.xml:218:13-44
	android:configChanges
		ADDED from src\main\AndroidManifest.xml:217:13-74
	android:theme
		ADDED from src\main\AndroidManifest.xml:220:13-66
	android:name
		ADDED from src\main\AndroidManifest.xml:216:13-73
intent-filter#android.intent.action.msgallactivity+android.intent.category.DEFAULT
ADDED from src\main\AndroidManifest.xml:221:13-225:29
action#android.intent.action.msgallactivity
ADDED from src\main\AndroidManifest.xml:222:17-79
	android:name
		ADDED from src\main\AndroidManifest.xml:222:25-76
activity#com.vomont.yundudao.ui.factory.VedioFactoryActivity
ADDED from src\main\AndroidManifest.xml:228:9-238:20
	android:launchMode
		ADDED from src\main\AndroidManifest.xml:231:13-44
	android:configChanges
		ADDED from src\main\AndroidManifest.xml:230:13-59
	android:theme
		ADDED from src\main\AndroidManifest.xml:232:13-66
	android:name
		ADDED from src\main\AndroidManifest.xml:229:13-79
intent-filter#android.intent.action.vediofactoryactivity+android.intent.category.DEFAULT
ADDED from src\main\AndroidManifest.xml:233:13-237:29
action#android.intent.action.vediofactoryactivity
ADDED from src\main\AndroidManifest.xml:234:17-85
	android:name
		ADDED from src\main\AndroidManifest.xml:234:25-82
activity#com.vomont.yundudao.ui.factory.PlayBackActivity
ADDED from src\main\AndroidManifest.xml:239:9-249:20
	android:launchMode
		ADDED from src\main\AndroidManifest.xml:242:13-44
	android:configChanges
		ADDED from src\main\AndroidManifest.xml:241:13-59
	android:theme
		ADDED from src\main\AndroidManifest.xml:243:13-66
	android:name
		ADDED from src\main\AndroidManifest.xml:240:13-75
intent-filter#android.intent.action.PlayBackActivity+android.intent.category.DEFAULT
ADDED from src\main\AndroidManifest.xml:244:13-248:29
action#android.intent.action.PlayBackActivity
ADDED from src\main\AndroidManifest.xml:245:17-81
	android:name
		ADDED from src\main\AndroidManifest.xml:245:25-78
activity#com.vomont.yundudao.ui.pic.AllPicActivity
ADDED from src\main\AndroidManifest.xml:252:9-263:20
	android:screenOrientation
		ADDED from src\main\AndroidManifest.xml:256:13-49
	android:launchMode
		ADDED from src\main\AndroidManifest.xml:255:13-44
	android:configChanges
		ADDED from src\main\AndroidManifest.xml:254:13-74
	android:theme
		ADDED from src\main\AndroidManifest.xml:257:13-66
	android:name
		ADDED from src\main\AndroidManifest.xml:253:13-69
intent-filter#android.intent.action.allpicactivity+android.intent.category.DEFAULT
ADDED from src\main\AndroidManifest.xml:258:13-262:29
action#android.intent.action.allpicactivity
ADDED from src\main\AndroidManifest.xml:259:17-79
	android:name
		ADDED from src\main\AndroidManifest.xml:259:25-76
activity#com.vomont.yundudao.ui.pic.PicCenterActivity
ADDED from src\main\AndroidManifest.xml:265:9-271:20
	android:screenOrientation
		ADDED from src\main\AndroidManifest.xml:269:13-49
	android:launchMode
		ADDED from src\main\AndroidManifest.xml:268:13-44
	android:configChanges
		ADDED from src\main\AndroidManifest.xml:267:13-74
	android:theme
		ADDED from src\main\AndroidManifest.xml:270:13-66
	android:name
		ADDED from src\main\AndroidManifest.xml:266:13-72
activity#com.vomont.yundudao.ui.pic.SelectPicPopupWindow
ADDED from src\main\AndroidManifest.xml:273:9-284:20
	android:screenOrientation
		ADDED from src\main\AndroidManifest.xml:277:13-49
	android:launchMode
		ADDED from src\main\AndroidManifest.xml:276:13-44
	android:configChanges
		ADDED from src\main\AndroidManifest.xml:275:13-74
	android:theme
		ADDED from src\main\AndroidManifest.xml:278:13-55
	android:name
		ADDED from src\main\AndroidManifest.xml:274:13-75
intent-filter#android.intent.action.selectpicpopupwindow+android.intent.category.DEFAULT
ADDED from src\main\AndroidManifest.xml:279:13-283:29
action#android.intent.action.selectpicpopupwindow
ADDED from src\main\AndroidManifest.xml:280:17-85
	android:name
		ADDED from src\main\AndroidManifest.xml:280:25-82
activity#com.vomont.yundudao.ui.createproblem.CreateProblemActivity
ADDED from src\main\AndroidManifest.xml:287:9-299:20
	android:screenOrientation
		ADDED from src\main\AndroidManifest.xml:291:13-49
	android:launchMode
		ADDED from src\main\AndroidManifest.xml:290:13-44
	android:windowSoftInputMode
		ADDED from src\main\AndroidManifest.xml:293:13-72
	android:configChanges
		ADDED from src\main\AndroidManifest.xml:289:13-74
	android:theme
		ADDED from src\main\AndroidManifest.xml:292:13-66
	android:name
		ADDED from src\main\AndroidManifest.xml:288:13-86
intent-filter#android.intent.action.createproblemactivity+android.intent.category.DEFAULT
ADDED from src\main\AndroidManifest.xml:294:13-298:29
action#android.intent.action.createproblemactivity
ADDED from src\main\AndroidManifest.xml:295:17-86
	android:name
		ADDED from src\main\AndroidManifest.xml:295:25-83
activity#com.vomont.yundudao.ui.createproblem.ProblemDetailActivity
ADDED from src\main\AndroidManifest.xml:302:9-313:20
	android:screenOrientation
		ADDED from src\main\AndroidManifest.xml:306:13-49
	android:launchMode
		ADDED from src\main\AndroidManifest.xml:305:13-44
	android:configChanges
		ADDED from src\main\AndroidManifest.xml:304:13-74
	android:theme
		ADDED from src\main\AndroidManifest.xml:307:13-66
	android:name
		ADDED from src\main\AndroidManifest.xml:303:13-86
intent-filter#android.intent.action.problemdetailactivity+android.intent.category.DEFAULT
ADDED from src\main\AndroidManifest.xml:308:13-312:29
action#android.intent.action.problemdetailactivity
ADDED from src\main\AndroidManifest.xml:309:17-86
	android:name
		ADDED from src\main\AndroidManifest.xml:309:25-83
activity#com.vomont.yundudao.ui.createproblem.ProblemImageChangeActivity
ADDED from src\main\AndroidManifest.xml:315:9-324:20
	android:screenOrientation
		ADDED from src\main\AndroidManifest.xml:317:13-49
	android:theme
		ADDED from src\main\AndroidManifest.xml:318:13-66
	android:name
		ADDED from src\main\AndroidManifest.xml:316:13-91
intent-filter#android.intent.action.problemimagechangeactivity+android.intent.category.DEFAULT
ADDED from src\main\AndroidManifest.xml:319:13-323:29
action#android.intent.action.problemimagechangeactivity
ADDED from src\main\AndroidManifest.xml:320:17-91
	android:name
		ADDED from src\main\AndroidManifest.xml:320:25-88
activity#com.vomont.yundudao.ui.createproblem.SelectTagActivity
ADDED from src\main\AndroidManifest.xml:326:9-335:20
	android:screenOrientation
		ADDED from src\main\AndroidManifest.xml:328:13-49
	android:theme
		ADDED from src\main\AndroidManifest.xml:329:13-66
	android:name
		ADDED from src\main\AndroidManifest.xml:327:13-82
intent-filter#android.intent.action.selecttagactivity+android.intent.category.DEFAULT
ADDED from src\main\AndroidManifest.xml:330:13-334:29
action#android.intent.action.selecttagactivity
ADDED from src\main\AndroidManifest.xml:331:17-82
	android:name
		ADDED from src\main\AndroidManifest.xml:331:25-79
activity#com.vomont.yundudao.ui.createproblem.SelectDeviceActivity
ADDED from src\main\AndroidManifest.xml:337:9-346:20
	android:screenOrientation
		ADDED from src\main\AndroidManifest.xml:339:13-49
	android:theme
		ADDED from src\main\AndroidManifest.xml:340:13-66
	android:name
		ADDED from src\main\AndroidManifest.xml:338:13-85
intent-filter#android.intent.action.selectdeviceactivity+android.intent.category.DEFAULT
ADDED from src\main\AndroidManifest.xml:341:13-345:29
action#android.intent.action.selectdeviceactivity
ADDED from src\main\AndroidManifest.xml:342:17-85
	android:name
		ADDED from src\main\AndroidManifest.xml:342:25-82
activity#com.vomont.yundudao.ui.createproblem.SelectDealActivity
ADDED from src\main\AndroidManifest.xml:348:9-359:20
	android:screenOrientation
		ADDED from src\main\AndroidManifest.xml:351:13-49
	android:windowSoftInputMode
		ADDED from src\main\AndroidManifest.xml:353:13-64
	android:configChanges
		ADDED from src\main\AndroidManifest.xml:350:13-74
	android:theme
		ADDED from src\main\AndroidManifest.xml:352:13-66
	android:name
		ADDED from src\main\AndroidManifest.xml:349:13-83
intent-filter#android.intent.action.selectdealactivity+android.intent.category.DEFAULT
ADDED from src\main\AndroidManifest.xml:354:13-358:29
action#android.intent.action.selectdealactivity
ADDED from src\main\AndroidManifest.xml:355:17-83
	android:name
		ADDED from src\main\AndroidManifest.xml:355:25-80
activity#com.vomont.yundudao.ui.createproblem.SeclectCopyActivity
ADDED from src\main\AndroidManifest.xml:361:9-372:20
	android:screenOrientation
		ADDED from src\main\AndroidManifest.xml:364:13-49
	android:windowSoftInputMode
		ADDED from src\main\AndroidManifest.xml:366:13-64
	android:configChanges
		ADDED from src\main\AndroidManifest.xml:363:13-74
	android:theme
		ADDED from src\main\AndroidManifest.xml:365:13-66
	android:name
		ADDED from src\main\AndroidManifest.xml:362:13-84
intent-filter#android.intent.action.selectcopyactivity+android.intent.category.DEFAULT
ADDED from src\main\AndroidManifest.xml:367:13-371:29
action#android.intent.action.selectcopyactivity
ADDED from src\main\AndroidManifest.xml:368:17-83
	android:name
		ADDED from src\main\AndroidManifest.xml:368:25-80
activity#com.vomont.yundudao.ui.createproblem.CenterProblemActivity
ADDED from src\main\AndroidManifest.xml:375:9-386:20
	android:screenOrientation
		ADDED from src\main\AndroidManifest.xml:378:13-49
	android:windowSoftInputMode
		ADDED from src\main\AndroidManifest.xml:380:13-64
	android:configChanges
		ADDED from src\main\AndroidManifest.xml:377:13-74
	android:theme
		ADDED from src\main\AndroidManifest.xml:379:13-66
	android:name
		ADDED from src\main\AndroidManifest.xml:376:13-86
intent-filter#android.intent.action.centerproblemactivity+android.intent.category.DEFAULT
ADDED from src\main\AndroidManifest.xml:381:13-385:29
action#android.intent.action.centerproblemactivity
ADDED from src\main\AndroidManifest.xml:382:17-86
	android:name
		ADDED from src\main\AndroidManifest.xml:382:25-83
activity#com.vomont.yundudao.ui.createproblem.ProblemHandleActivity
ADDED from src\main\AndroidManifest.xml:389:9-399:20
	android:screenOrientation
		ADDED from src\main\AndroidManifest.xml:392:13-49
	android:configChanges
		ADDED from src\main\AndroidManifest.xml:391:13-74
	android:theme
		ADDED from src\main\AndroidManifest.xml:393:13-66
	android:name
		ADDED from src\main\AndroidManifest.xml:390:13-86
intent-filter#android.intent.action.problemHandleactivity+android.intent.category.DEFAULT
ADDED from src\main\AndroidManifest.xml:394:13-398:29
action#android.intent.action.problemHandleactivity
ADDED from src\main\AndroidManifest.xml:395:17-86
	android:name
		ADDED from src\main\AndroidManifest.xml:395:25-83
activity#com.vomont.yundudao.ui.patrol.PatrolListActivity
ADDED from src\main\AndroidManifest.xml:401:9-411:20
	android:screenOrientation
		ADDED from src\main\AndroidManifest.xml:404:13-49
	android:configChanges
		ADDED from src\main\AndroidManifest.xml:403:13-74
	android:theme
		ADDED from src\main\AndroidManifest.xml:405:13-66
	android:name
		ADDED from src\main\AndroidManifest.xml:402:13-76
intent-filter#android.intent.action.patrollistactivity+android.intent.category.DEFAULT
ADDED from src\main\AndroidManifest.xml:406:13-410:29
action#android.intent.action.patrollistactivity
ADDED from src\main\AndroidManifest.xml:407:17-83
	android:name
		ADDED from src\main\AndroidManifest.xml:407:25-80
activity#com.vomont.yundudao.ui.patrol.PatrolLoadVedioActivity
ADDED from src\main\AndroidManifest.xml:413:9-424:20
	android:screenOrientation
		ADDED from src\main\AndroidManifest.xml:417:13-49
	android:launchMode
		ADDED from src\main\AndroidManifest.xml:416:13-44
	android:configChanges
		ADDED from src\main\AndroidManifest.xml:415:13-74
	android:theme
		ADDED from src\main\AndroidManifest.xml:418:13-66
	android:name
		ADDED from src\main\AndroidManifest.xml:414:13-81
intent-filter#android.intent.action.patrolloadvedioactivity+android.intent.category.DEFAULT
ADDED from src\main\AndroidManifest.xml:419:13-423:29
action#android.intent.action.patrolloadvedioactivity
ADDED from src\main\AndroidManifest.xml:420:17-88
	android:name
		ADDED from src\main\AndroidManifest.xml:420:25-85
activity#com.vomont.yundudao.ui.patrol.MediaActivity
ADDED from src\main\AndroidManifest.xml:427:9-438:20
	android:screenOrientation
		ADDED from src\main\AndroidManifest.xml:431:13-49
	android:launchMode
		ADDED from src\main\AndroidManifest.xml:430:13-44
	android:configChanges
		ADDED from src\main\AndroidManifest.xml:429:13-74
	android:theme
		ADDED from src\main\AndroidManifest.xml:432:13-66
	android:name
		ADDED from src\main\AndroidManifest.xml:428:13-71
intent-filter#android.intent.action.mediaactivity+android.intent.category.DEFAULT
ADDED from src\main\AndroidManifest.xml:433:13-437:29
action#android.intent.action.mediaactivity
ADDED from src\main\AndroidManifest.xml:434:17-78
	android:name
		ADDED from src\main\AndroidManifest.xml:434:25-75
activity#com.vomont.yundudao.ui.patrol.VedioPlayActivity
ADDED from src\main\AndroidManifest.xml:439:9-450:20
	android:launchMode
		ADDED from src\main\AndroidManifest.xml:442:13-44
	android:windowSoftInputMode
		ADDED from src\main\AndroidManifest.xml:444:13-67
	android:configChanges
		ADDED from src\main\AndroidManifest.xml:441:13-74
	android:theme
		ADDED from src\main\AndroidManifest.xml:443:13-66
	android:name
		ADDED from src\main\AndroidManifest.xml:440:13-75
intent-filter#android.intent.action.vedioplayactivity+android.intent.category.DEFAULT
ADDED from src\main\AndroidManifest.xml:445:13-449:29
action#android.intent.action.vedioplayactivity
ADDED from src\main\AndroidManifest.xml:446:17-82
	android:name
		ADDED from src\main\AndroidManifest.xml:446:25-79
activity#com.vomont.yundudao.ui.patrol.ImportListActivity
ADDED from src\main\AndroidManifest.xml:453:9-464:20
	android:screenOrientation
		ADDED from src\main\AndroidManifest.xml:457:13-49
	android:launchMode
		ADDED from src\main\AndroidManifest.xml:456:13-44
	android:configChanges
		ADDED from src\main\AndroidManifest.xml:455:13-74
	android:theme
		ADDED from src\main\AndroidManifest.xml:458:13-66
	android:name
		ADDED from src\main\AndroidManifest.xml:454:13-76
intent-filter#android.intent.action.importlistactivity+android.intent.category.DEFAULT
ADDED from src\main\AndroidManifest.xml:459:13-463:29
action#android.intent.action.importlistactivity
ADDED from src\main\AndroidManifest.xml:460:17-83
	android:name
		ADDED from src\main\AndroidManifest.xml:460:25-80
activity#com.vomont.yundudao.ui.patrol.PatrolDetailActivity
ADDED from src\main\AndroidManifest.xml:466:9-477:20
	android:screenOrientation
		ADDED from src\main\AndroidManifest.xml:470:13-49
	android:launchMode
		ADDED from src\main\AndroidManifest.xml:469:13-44
	android:configChanges
		ADDED from src\main\AndroidManifest.xml:468:13-74
	android:theme
		ADDED from src\main\AndroidManifest.xml:471:13-66
	android:name
		ADDED from src\main\AndroidManifest.xml:467:13-78
intent-filter#android.intent.action.patroldetailactivity+android.intent.category.DEFAULT
ADDED from src\main\AndroidManifest.xml:472:13-476:29
action#android.intent.action.patroldetailactivity
ADDED from src\main\AndroidManifest.xml:473:17-85
	android:name
		ADDED from src\main\AndroidManifest.xml:473:25-82
activity#com.vomont.yundudao.ui.patrol.LookPeopleActivity
ADDED from src\main\AndroidManifest.xml:479:9-489:20
	android:screenOrientation
		ADDED from src\main\AndroidManifest.xml:482:13-49
	android:configChanges